<?xml version="1.0" encoding="UTF-8"?>
<!-- Generated by org.testng.reporters.JUnitXMLReporter -->
<testsuite ignored="0" hostname="DELL-PC" failures="1" tests="2" name="ChromeTest" time="12.688" errors="0" timestamp="09 Oct 2019 18:32:51 GMT">
  <testcase classname="CrossBrowserTest.TC_001" name="google" time="9.938"/>
  <testcase classname="CrossBrowserTest.TC_002" name="google" time="2.703">
    <failure type="org.openqa.selenium.InvalidArgumentException" message="invalid argument: user data directory is already in use, please specify a unique value for --user-data-dir argument, or don&amp;apos;t use --user-data-dir
Build info: version: &amp;apos;3.141.59&amp;apos;, revision: &amp;apos;e82be7d358&amp;apos;, time: &amp;apos;2018-11-14T08:17:03&amp;apos;
System info: host: &amp;apos;DELL-PC&amp;apos;, ip: &amp;apos;192.168.1.100&amp;apos;, os.name: &amp;apos;Windows 7&amp;apos;, os.arch: &amp;apos;amd64&amp;apos;, os.version: &amp;apos;6.1&amp;apos;, java.version: &amp;apos;12.0.2&amp;apos;
Driver info: driver.version: ChromeDriver
remote stacktrace: Backtrace:
	Ordinal0 [0x001FEB13+1501971]
	Ordinal0 [0x0017F6D1+980689]
	Ordinal0 [0x0010765F+489055]
	Ordinal0 [0x0009C222+49698]
	Ordinal0 [0x000B9800+169984]
	Ordinal0 [0x000B942D+169005]
	Ordinal0 [0x000B78EB+162027]
	Ordinal0 [0x000A0AC7+68295]
	Ordinal0 [0x000A1B40+72512]
	Ordinal0 [0x000A1AD9+72409]
	Ordinal0 [0x00198F37+1085239]
	GetHandleVerifier [0x0029D7ED+503293]
	GetHandleVerifier [0x0029D580+502672]
	GetHandleVerifier [0x002A46AC+531644]
	GetHandleVerifier [0x0029DFFA+505354]
	Ordinal0 [0x00190606+1050118]
	Ordinal0 [0x0019047F+1049727]
	Ordinal0 [0x0019AF9B+1093531]
	Ordinal0 [0x0019B103+1093891]
	Ordinal0 [0x0019A095+1089685]
	BaseThreadInitThunk [0x77333677+18]
	RtlInitializeExceptionChain [0x77AD9D72+99]
	RtlInitializeExceptionChain [0x77AD9D45+54]
">
      <![CDATA[org.openqa.selenium.InvalidArgumentException: invalid argument: user data directory is already in use, please specify a unique value for --user-data-dir argument, or don't use --user-data-dir
Build info: version: '3.141.59', revision: 'e82be7d358', time: '2018-11-14T08:17:03'
System info: host: 'DELL-PC', ip: '192.168.1.100', os.name: 'Windows 7', os.arch: 'amd64', os.version: '6.1', java.version: '12.0.2'
Driver info: driver.version: ChromeDriver
remote stacktrace: Backtrace:
Ordinal0 [0x001FEB13+1501971]
Ordinal0 [0x0017F6D1+980689]
Ordinal0 [0x0010765F+489055]
Ordinal0 [0x0009C222+49698]
Ordinal0 [0x000B9800+169984]
Ordinal0 [0x000B942D+169005]
Ordinal0 [0x000B78EB+162027]
Ordinal0 [0x000A0AC7+68295]
Ordinal0 [0x000A1B40+72512]
Ordinal0 [0x000A1AD9+72409]
Ordinal0 [0x00198F37+1085239]
GetHandleVerifier [0x0029D7ED+503293]
GetHandleVerifier [0x0029D580+502672]
GetHandleVerifier [0x002A46AC+531644]
GetHandleVerifier [0x0029DFFA+505354]
Ordinal0 [0x00190606+1050118]
Ordinal0 [0x0019047F+1049727]
Ordinal0 [0x0019AF9B+1093531]
Ordinal0 [0x0019B103+1093891]
Ordinal0 [0x0019A095+1089685]
BaseThreadInitThunk [0x77333677+18]
RtlInitializeExceptionChain [0x77AD9D72+99]
RtlInitializeExceptionChain [0x77AD9D45+54]

at org.openqa.selenium.remote.W3CHandshakeResponse.lambda$errorHandler$0(W3CHandshakeResponse.java:62)
at org.openqa.selenium.remote.HandshakeResponse.lambda$getResponseFunction$0(HandshakeResponse.java:30)
at org.openqa.selenium.remote.ProtocolHandshake.lambda$createSession$0(ProtocolHandshake.java:126)
at java.base/java.util.stream.ReferencePipeline$3$1.accept(ReferencePipeline.java:195)
at java.base/java.util.Spliterators$ArraySpliterator.tryAdvance(Spliterators.java:958)
at java.base/java.util.stream.ReferencePipeline.forEachWithCancel(ReferencePipeline.java:127)
at java.base/java.util.stream.AbstractPipeline.copyIntoWithCancel(AbstractPipeline.java:502)
at java.base/java.util.stream.AbstractPipeline.copyInto(AbstractPipeline.java:488)
at java.base/java.util.stream.AbstractPipeline.wrapAndCopyInto(AbstractPipeline.java:474)
at java.base/java.util.stream.FindOps$FindOp.evaluateSequential(FindOps.java:150)
at java.base/java.util.stream.AbstractPipeline.evaluate(AbstractPipeline.java:234)
at java.base/java.util.stream.ReferencePipeline.findFirst(ReferencePipeline.java:543)
at org.openqa.selenium.remote.ProtocolHandshake.createSession(ProtocolHandshake.java:128)
at org.openqa.selenium.remote.ProtocolHandshake.createSession(ProtocolHandshake.java:74)
at org.openqa.selenium.remote.HttpCommandExecutor.execute(HttpCommandExecutor.java:136)
at org.openqa.selenium.remote.service.DriverCommandExecutor.execute(DriverCommandExecutor.java:83)
at org.openqa.selenium.remote.RemoteWebDriver.execute(RemoteWebDriver.java:552)
at org.openqa.selenium.remote.RemoteWebDriver.startSession(RemoteWebDriver.java:213)
at org.openqa.selenium.remote.RemoteWebDriver.<init>(RemoteWebDriver.java:131)
at org.openqa.selenium.chrome.ChromeDriver.<init>(ChromeDriver.java:181)
at org.openqa.selenium.chrome.ChromeDriver.<init>(ChromeDriver.java:168)
at org.openqa.selenium.chrome.ChromeDriver.<init>(ChromeDriver.java:157)
at CrossBrowserTest.BaseTest.launch(BaseTest.java:62)
at CrossBrowserTest.TC_002.google(TC_002.java:16)
at java.base/java.util.concurrent.FutureTask.run(FutureTask.java:264)
at java.base/java.util.concurrent.ThreadPoolExecutor.runWorker(ThreadPoolExecutor.java:1128)
at java.base/java.util.concurrent.ThreadPoolExecutor$Worker.run(ThreadPoolExecutor.java:628)
at java.base/java.lang.Thread.run(Thread.java:835)
... Removed 21 stack frames]]>
    </failure>
  </testcase> <!-- google -->
</testsuite> <!-- ChromeTest -->
